making in ...
making in include ...
making in src ...
making in src/audio ...
/usr/bin/gcc   -I. -DCST_AUDIO_ALSA -I../../include -O2 -Wall     -c auclient.c -o ../../build/x86_64-linux-gnu/obj/src/audio/auclient.o
/usr/bin/gcc   -I. -DCST_AUDIO_ALSA -I../../include -O2 -Wall     -c auserver.c -o ../../build/x86_64-linux-gnu/obj/src/audio/auserver.o
/usr/bin/gcc   -I. -DCST_AUDIO_ALSA -I../../include -O2 -Wall     -c audio.c -o ../../build/x86_64-linux-gnu/obj/src/audio/audio.o
/usr/bin/gcc   -I. -DCST_AUDIO_ALSA -I../../include -O2 -Wall     -c au_streaming.c -o ../../build/x86_64-linux-gnu/obj/src/audio/au_streaming.o
/usr/bin/gcc   -I. -DCST_AUDIO_ALSA -I../../include -O2 -Wall     -c au_alsa.c -o ../../build/x86_64-linux-gnu/obj/src/audio/au_alsa.o
a - auclient.o
a - auserver.o
a - audio.o
a - au_streaming.o
a - au_alsa.o
making in src/utils ...
/usr/bin/gcc    -I../../include -O2 -Wall     -c cst_alloc.c -o ../../build/x86_64-linux-gnu/obj/src/utils/cst_alloc.o
/usr/bin/gcc    -I../../include -O2 -Wall     -c cst_error.c -o ../../build/x86_64-linux-gnu/obj/src/utils/cst_error.o
/usr/bin/gcc    -I../../include -O2 -Wall     -c cst_string.c -o ../../build/x86_64-linux-gnu/obj/src/utils/cst_string.o
/usr/bin/gcc    -I../../include -O2 -Wall     -c cst_wchar.c -o ../../build/x86_64-linux-gnu/obj/src/utils/cst_wchar.o
/usr/bin/gcc    -I../../include -O2 -Wall     -c cst_tokenstream.c -o ../../build/x86_64-linux-gnu/obj/src/utils/cst_tokenstream.o
/usr/bin/gcc    -I../../include -O2 -Wall     -c cst_val.c -o ../../build/x86_64-linux-gnu/obj/src/utils/cst_val.o
/usr/bin/gcc    -I../../include -O2 -Wall     -c cst_features.c -o ../../build/x86_64-linux-gnu/obj/src/utils/cst_features.o
/usr/bin/gcc    -I../../include -O2 -Wall     -c cst_endian.c -o ../../build/x86_64-linux-gnu/obj/src/utils/cst_endian.o
/usr/bin/gcc    -I../../include -O2 -Wall     -c cst_socket.c -o ../../build/x86_64-linux-gnu/obj/src/utils/cst_socket.o
/usr/bin/gcc    -I../../include -O2 -Wall     -c cst_val_const.c -o ../../build/x86_64-linux-gnu/obj/src/utils/cst_val_const.o
/usr/bin/gcc    -I../../include -O2 -Wall     -c cst_val_user.c -o ../../build/x86_64-linux-gnu/obj/src/utils/cst_val_user.o
/usr/bin/gcc    -I../../include -O2 -Wall     -c cst_args.c -o ../../build/x86_64-linux-gnu/obj/src/utils/cst_args.o
/usr/bin/gcc    -I../../include -O2 -Wall     -c cst_url.c -o ../../build/x86_64-linux-gnu/obj/src/utils/cst_url.o
/usr/bin/gcc    -I../../include -O2 -Wall     -c cst_mmap_posix.c -o ../../build/x86_64-linux-gnu/obj/src/utils/cst_mmap_posix.o
/usr/bin/gcc    -I../../include -O2 -Wall     -c cst_file_stdio.c -o ../../build/x86_64-linux-gnu/obj/src/utils/cst_file_stdio.o
a - cst_alloc.o
a - cst_error.o
a - cst_string.o
a - cst_wchar.o
a - cst_tokenstream.o
a - cst_val.o
a - cst_features.o
a - cst_endian.o
a - cst_socket.o
a - cst_val_const.o
a - cst_val_user.o
a - cst_args.o
a - cst_url.o
a - cst_mmap_posix.o
a - cst_file_stdio.o
making in src/regex ...
/usr/bin/gcc   -I. -I../../include -O2 -Wall     -c cst_regex.c -o ../../build/x86_64-linux-gnu/obj/src/regex/cst_regex.o
/usr/bin/gcc   -I. -I../../include -O2 -Wall     -c regexp.c -o ../../build/x86_64-linux-gnu/obj/src/regex/regexp.o
/usr/bin/gcc   -I. -I../../include -O2 -Wall     -c regsub.c -o ../../build/x86_64-linux-gnu/obj/src/regex/regsub.o
a - cst_regex.o
a - regexp.o
a - regsub.o
making in src/hrg ...
/usr/bin/gcc    -I../../include -O2 -Wall     -c cst_utterance.c -o ../../build/x86_64-linux-gnu/obj/src/hrg/cst_utterance.o
/usr/bin/gcc    -I../../include -O2 -Wall     -c cst_relation.c -o ../../build/x86_64-linux-gnu/obj/src/hrg/cst_relation.o
/usr/bin/gcc    -I../../include -O2 -Wall     -c cst_item.c -o ../../build/x86_64-linux-gnu/obj/src/hrg/cst_item.o
/usr/bin/gcc    -I../../include -O2 -Wall     -c cst_ffeature.c -o ../../build/x86_64-linux-gnu/obj/src/hrg/cst_ffeature.o
/usr/bin/gcc    -I../../include -O2 -Wall     -c cst_rel_io.c -o ../../build/x86_64-linux-gnu/obj/src/hrg/cst_rel_io.o
a - cst_utterance.o
a - cst_relation.o
a - cst_item.o
a - cst_ffeature.o
a - cst_rel_io.o
making in src/stats ...
/usr/bin/gcc    -I../../include -O2 -Wall     -c cst_cart.c -o ../../build/x86_64-linux-gnu/obj/src/stats/cst_cart.o
/usr/bin/gcc    -I../../include -O2 -Wall     -c cst_viterbi.c -o ../../build/x86_64-linux-gnu/obj/src/stats/cst_viterbi.o
/usr/bin/gcc    -I../../include -O2 -Wall     -c cst_ss.c -o ../../build/x86_64-linux-gnu/obj/src/stats/cst_ss.o
a - cst_cart.o
a - cst_viterbi.o
a - cst_ss.o
making in src/speech ...
/usr/bin/gcc    -I../../include -O2 -Wall     -c cst_wave.c -o ../../build/x86_64-linux-gnu/obj/src/speech/cst_wave.o
/usr/bin/gcc    -I../../include -O2 -Wall     -c cst_wave_io.c -o ../../build/x86_64-linux-gnu/obj/src/speech/cst_wave_io.o
/usr/bin/gcc    -I../../include -O2 -Wall     -c cst_track.c -o ../../build/x86_64-linux-gnu/obj/src/speech/cst_track.o
/usr/bin/gcc    -I../../include -O2 -Wall     -c cst_track_io.c -o ../../build/x86_64-linux-gnu/obj/src/speech/cst_track_io.o
/usr/bin/gcc    -I../../include -O2 -Wall     -c cst_wave_utils.c -o ../../build/x86_64-linux-gnu/obj/src/speech/cst_wave_utils.o
/usr/bin/gcc    -I../../include -O2 -Wall     -c cst_lpcres.c -o ../../build/x86_64-linux-gnu/obj/src/speech/cst_lpcres.o
/usr/bin/gcc    -I../../include -O2 -Wall     -c rateconv.c -o ../../build/x86_64-linux-gnu/obj/src/speech/rateconv.o
/usr/bin/gcc    -I../../include -O2 -Wall     -c g721.c -o ../../build/x86_64-linux-gnu/obj/src/speech/g721.o
/usr/bin/gcc    -I../../include -O2 -Wall     -c g72x.c -o ../../build/x86_64-linux-gnu/obj/src/speech/g72x.o
/usr/bin/gcc    -I../../include -O2 -Wall     -c g723_24.c -o ../../build/x86_64-linux-gnu/obj/src/speech/g723_24.o
/usr/bin/gcc    -I../../include -O2 -Wall     -c g723_40.c -o ../../build/x86_64-linux-gnu/obj/src/speech/g723_40.o
a - cst_wave.o
a - cst_wave_io.o
a - cst_track.o
a - cst_track_io.o
a - cst_wave_utils.o
a - cst_lpcres.o
a - rateconv.o
a - g721.o
a - g72x.o
a - g723_24.o
a - g723_40.o
making in src/lexicon ...
/usr/bin/gcc    -I../../include -O2 -Wall     -c cst_lexicon.c -o ../../build/x86_64-linux-gnu/obj/src/lexicon/cst_lexicon.o
/usr/bin/gcc    -I../../include -O2 -Wall     -c cst_lts.c -o ../../build/x86_64-linux-gnu/obj/src/lexicon/cst_lts.o
/usr/bin/gcc    -I../../include -O2 -Wall     -c cst_lts_rewrites.c -o ../../build/x86_64-linux-gnu/obj/src/lexicon/cst_lts_rewrites.o
a - cst_lexicon.o
a - cst_lts.o
a - cst_lts_rewrites.o
making in src/synth ...
/usr/bin/gcc    -I../../include -O2 -Wall     -c cst_synth.c -o ../../build/x86_64-linux-gnu/obj/src/synth/cst_synth.o
/usr/bin/gcc    -I../../include -O2 -Wall     -c cst_utt_utils.c -o ../../build/x86_64-linux-gnu/obj/src/synth/cst_utt_utils.o
/usr/bin/gcc    -I../../include -O2 -Wall     -c cst_voice.c -o ../../build/x86_64-linux-gnu/obj/src/synth/cst_voice.o
/usr/bin/gcc    -I../../include -O2 -Wall     -c cst_phoneset.c -o ../../build/x86_64-linux-gnu/obj/src/synth/cst_phoneset.o
/usr/bin/gcc    -I../../include -O2 -Wall     -c cst_ffeatures.c -o ../../build/x86_64-linux-gnu/obj/src/synth/cst_ffeatures.o
/usr/bin/gcc    -I../../include -O2 -Wall     -c cst_ssml.c -o ../../build/x86_64-linux-gnu/obj/src/synth/cst_ssml.o
/usr/bin/gcc    -I../../include -O2 -Wall     -c flite.c -o ../../build/x86_64-linux-gnu/obj/src/synth/flite.o
a - cst_synth.o
a - cst_utt_utils.o
a - cst_voice.o
a - cst_phoneset.o
a - cst_ffeatures.o
a - cst_ssml.o
a - flite.o
making in src/wavesynth ...
/usr/bin/gcc    -I../../include -O2 -Wall     -c cst_units.c -o ../../build/x86_64-linux-gnu/obj/src/wavesynth/cst_units.o
/usr/bin/gcc    -I../../include -O2 -Wall     -c cst_clunits.c -o ../../build/x86_64-linux-gnu/obj/src/wavesynth/cst_clunits.o
/usr/bin/gcc    -I../../include -O2 -Wall     -c cst_diphone.c -o ../../build/x86_64-linux-gnu/obj/src/wavesynth/cst_diphone.o
/usr/bin/gcc    -I../../include -O2 -Wall     -c cst_sigpr.c -o ../../build/x86_64-linux-gnu/obj/src/wavesynth/cst_sigpr.o
/usr/bin/gcc    -I../../include -O2 -Wall     -c cst_sts.c -o ../../build/x86_64-linux-gnu/obj/src/wavesynth/cst_sts.o
/usr/bin/gcc    -I../../include -O2 -Wall     -c cst_reflpc.c -o ../../build/x86_64-linux-gnu/obj/src/wavesynth/cst_reflpc.o
a - cst_units.o
a - cst_clunits.o
a - cst_diphone.o
a - cst_sigpr.o
a - cst_sts.o
a - cst_reflpc.o
making in src/cg ...
/usr/bin/gcc    -I../../include -O2 -Wall     -c cst_cg.c -o ../../build/x86_64-linux-gnu/obj/src/cg/cst_cg.o
/usr/bin/gcc    -I../../include -O2 -Wall     -c cst_mlsa.c -o ../../build/x86_64-linux-gnu/obj/src/cg/cst_mlsa.o
/usr/bin/gcc    -I../../include -O2 -Wall     -c cst_mlpg.c -o ../../build/x86_64-linux-gnu/obj/src/cg/cst_mlpg.o
/usr/bin/gcc    -I../../include -O2 -Wall     -c cst_vc.c -o ../../build/x86_64-linux-gnu/obj/src/cg/cst_vc.o
/usr/bin/gcc    -I../../include -O2 -Wall     -c cst_cg_load_voice.c -o ../../build/x86_64-linux-gnu/obj/src/cg/cst_cg_load_voice.o
/usr/bin/gcc    -I../../include -O2 -Wall     -c cst_cg_dump_voice.c -o ../../build/x86_64-linux-gnu/obj/src/cg/cst_cg_dump_voice.o
/usr/bin/gcc    -I../../include -O2 -Wall     -c cst_cg_map.c -o ../../build/x86_64-linux-gnu/obj/src/cg/cst_cg_map.o
/usr/bin/gcc    -I../../include -O2 -Wall     -c cst_spamf0.c -o ../../build/x86_64-linux-gnu/obj/src/cg/cst_spamf0.o
a - cst_cg.o
a - cst_mlsa.o
a - cst_mlpg.o
a - cst_vc.o
a - cst_cg_load_voice.o
a - cst_cg_dump_voice.o
a - cst_cg_map.o
a - cst_spamf0.o
making in lang ...
making in lang/cmulex ...
/usr/bin/gcc    -I../../include -O2 -Wall     -c cmu_lts_rules.c -o ../../build/x86_64-linux-gnu/obj/lang/cmulex/cmu_lts_rules.o
/usr/bin/gcc    -I../../include -O2 -Wall     -c cmu_lts_model.c -o ../../build/x86_64-linux-gnu/obj/lang/cmulex/cmu_lts_model.o
/usr/bin/gcc    -I../../include -O2 -Wall     -c cmu_lex.c -o ../../build/x86_64-linux-gnu/obj/lang/cmulex/cmu_lex.o
/usr/bin/gcc    -I../../include -O2 -Wall     -c cmu_lex_entries.c -o ../../build/x86_64-linux-gnu/obj/lang/cmulex/cmu_lex_entries.o
/usr/bin/gcc    -I../../include -O2 -Wall     -c cmu_lex_data.c -o ../../build/x86_64-linux-gnu/obj/lang/cmulex/cmu_lex_data.o
/usr/bin/gcc    -I../../include -O2 -Wall     -c cmu_postlex.c -o ../../build/x86_64-linux-gnu/obj/lang/cmulex/cmu_postlex.o
a - cmu_lts_rules.o
a - cmu_lts_model.o
a - cmu_lex.o
a - cmu_lex_entries.o
a - cmu_lex_data.o
a - cmu_postlex.o
making in lang/cmu_indic_lex ...
/usr/bin/gcc    -I../../include -O2 -Wall     -c cmu_indic_lex.c -o ../../build/x86_64-linux-gnu/obj/lang/cmu_indic_lex/cmu_indic_lex.o
a - cmu_indic_lex.o
making in lang/cmu_grapheme_lex ...
/usr/bin/gcc    -I../../include -O2 -Wall     -c cmu_grapheme_lex.c -o ../../build/x86_64-linux-gnu/obj/lang/cmu_grapheme_lex/cmu_grapheme_lex.o
/usr/bin/gcc    -I../../include -O2 -Wall     -c grapheme_unitran_tables.c -o ../../build/x86_64-linux-gnu/obj/lang/cmu_grapheme_lex/grapheme_unitran_tables.o
a - cmu_grapheme_lex.o
a - grapheme_unitran_tables.o
making in lang/usenglish ...
/usr/bin/gcc    -I../../include -O2 -Wall     -c us_int_accent_cart.c -o ../../build/x86_64-linux-gnu/obj/lang/usenglish/us_int_accent_cart.o
/usr/bin/gcc    -I../../include -O2 -Wall     -c us_int_tone_cart.c -o ../../build/x86_64-linux-gnu/obj/lang/usenglish/us_int_tone_cart.o
/usr/bin/gcc    -I../../include -O2 -Wall     -c us_f0_model.c -o ../../build/x86_64-linux-gnu/obj/lang/usenglish/us_f0_model.o
/usr/bin/gcc    -I../../include -O2 -Wall     -c us_dur_stats.c -o ../../build/x86_64-linux-gnu/obj/lang/usenglish/us_dur_stats.o
/usr/bin/gcc    -I../../include -O2 -Wall     -c us_durz_cart.c -o ../../build/x86_64-linux-gnu/obj/lang/usenglish/us_durz_cart.o
/usr/bin/gcc    -I../../include -O2 -Wall     -c us_f0lr.c -o ../../build/x86_64-linux-gnu/obj/lang/usenglish/us_f0lr.o
/usr/bin/gcc    -I../../include -O2 -Wall     -c us_phoneset.c -o ../../build/x86_64-linux-gnu/obj/lang/usenglish/us_phoneset.o
/usr/bin/gcc    -I../../include -O2 -Wall     -c us_ffeatures.c -o ../../build/x86_64-linux-gnu/obj/lang/usenglish/us_ffeatures.o
/usr/bin/gcc    -I../../include -O2 -Wall     -c us_phrasing_cart.c -o ../../build/x86_64-linux-gnu/obj/lang/usenglish/us_phrasing_cart.o
/usr/bin/gcc    -I../../include -O2 -Wall     -c us_gpos.c -o ../../build/x86_64-linux-gnu/obj/lang/usenglish/us_gpos.o
/usr/bin/gcc    -I../../include -O2 -Wall     -c us_text.c -o ../../build/x86_64-linux-gnu/obj/lang/usenglish/us_text.o
/usr/bin/gcc    -I../../include -O2 -Wall     -c us_expand.c -o ../../build/x86_64-linux-gnu/obj/lang/usenglish/us_expand.o
/usr/bin/gcc    -I../../include -O2 -Wall     -c us_nums_cart.c -o ../../build/x86_64-linux-gnu/obj/lang/usenglish/us_nums_cart.o
/usr/bin/gcc    -I../../include -O2 -Wall     -c us_aswd.c -o ../../build/x86_64-linux-gnu/obj/lang/usenglish/us_aswd.o
/usr/bin/gcc    -I../../include -O2 -Wall     -c usenglish.c -o ../../build/x86_64-linux-gnu/obj/lang/usenglish/usenglish.o
/usr/bin/gcc    -I../../include -O2 -Wall     -c us_pos_cart.c -o ../../build/x86_64-linux-gnu/obj/lang/usenglish/us_pos_cart.o
a - us_int_accent_cart.o
a - us_int_tone_cart.o
a - us_f0_model.o
a - us_dur_stats.o
a - us_durz_cart.o
a - us_f0lr.o
a - us_phoneset.o
a - us_ffeatures.o
a - us_phrasing_cart.o
a - us_gpos.o
a - us_text.o
a - us_expand.o
a - us_nums_cart.o
a - us_aswd.o
a - usenglish.o
a - us_pos_cart.o
making in lang/cmu_indic_lang ...
/usr/bin/gcc    -I../../include -O2 -Wall     -c cmu_indic_lang.c -o ../../build/x86_64-linux-gnu/obj/lang/cmu_indic_lang/cmu_indic_lang.o
/usr/bin/gcc    -I../../include -O2 -Wall     -c cmu_indic_phoneset.c -o ../../build/x86_64-linux-gnu/obj/lang/cmu_indic_lang/cmu_indic_phoneset.o
/usr/bin/gcc    -I../../include -O2 -Wall     -c cmu_indic_phrasing_cart.c -o ../../build/x86_64-linux-gnu/obj/lang/cmu_indic_lang/cmu_indic_phrasing_cart.o
a - cmu_indic_lang.o
a - cmu_indic_phoneset.o
a - cmu_indic_phrasing_cart.o
making in lang/cmu_grapheme_lang ...
/usr/bin/gcc    -I../../include -O2 -Wall     -c cmu_grapheme_lang.c -o ../../build/x86_64-linux-gnu/obj/lang/cmu_grapheme_lang/cmu_grapheme_lang.o
/usr/bin/gcc    -I../../include -O2 -Wall     -c cmu_grapheme_phoneset.c -o ../../build/x86_64-linux-gnu/obj/lang/cmu_grapheme_lang/cmu_grapheme_phoneset.o
/usr/bin/gcc    -I../../include -O2 -Wall     -c cmu_grapheme_phrasing_cart.c -o ../../build/x86_64-linux-gnu/obj/lang/cmu_grapheme_lang/cmu_grapheme_phrasing_cart.o
/usr/bin/gcc    -I../../include -O2 -Wall     -c graph_gpos.c -o ../../build/x86_64-linux-gnu/obj/lang/cmu_grapheme_lang/graph_gpos.o
a - cmu_grapheme_lang.o
a - cmu_grapheme_phoneset.o
a - cmu_grapheme_phrasing_cart.o
a - graph_gpos.o
making in lang/cmu_us_kal ...
/usr/bin/gcc   -I../../lang/usenglish -I../../lang/cmulex  -I../../include -O2 -Wall     -c cmu_us_kal_diphone.c -o ../../build/x86_64-linux-gnu/obj/lang/cmu_us_kal/cmu_us_kal_diphone.o
/usr/bin/gcc   -I../../lang/usenglish -I../../lang/cmulex  -I../../include -O2 -Wall     -c cmu_us_kal.c -o ../../build/x86_64-linux-gnu/obj/lang/cmu_us_kal/cmu_us_kal.o
/usr/bin/gcc   -I../../lang/usenglish -I../../lang/cmulex  -I../../include -O2 -Wall     -c cmu_us_kal_lpc.c -o ../../build/x86_64-linux-gnu/obj/lang/cmu_us_kal/cmu_us_kal_lpc.o
/usr/bin/gcc   -I../../lang/usenglish -I../../lang/cmulex  -I../../include -O2 -Wall     -c cmu_us_kal_res.c -o ../../build/x86_64-linux-gnu/obj/lang/cmu_us_kal/cmu_us_kal_res.o
/usr/bin/gcc   -I../../lang/usenglish -I../../lang/cmulex  -I../../include -O2 -Wall     -c cmu_us_kal_residx.c -o ../../build/x86_64-linux-gnu/obj/lang/cmu_us_kal/cmu_us_kal_residx.o
/usr/bin/gcc   -I../../lang/usenglish -I../../lang/cmulex  -I../../include -O2 -Wall     -c cmu_us_kal_ressize.c -o ../../build/x86_64-linux-gnu/obj/lang/cmu_us_kal/cmu_us_kal_ressize.o
a - cmu_us_kal_diphone.o
a - cmu_us_kal.o
a - cmu_us_kal_lpc.o
a - cmu_us_kal_res.o
a - cmu_us_kal_residx.o
a - cmu_us_kal_ressize.o
making in lang/cmu_time_awb ...
/usr/bin/gcc   -I../../lang/usenglish -I../../lang/cmulex -I../../include -O2 -Wall     -c cmu_time_awb.c -o ../../build/x86_64-linux-gnu/obj/lang/cmu_time_awb/cmu_time_awb.o
/usr/bin/gcc   -I../../lang/usenglish -I../../lang/cmulex -I../../include -O2 -Wall     -c cmu_time_awb_clunits.c -o ../../build/x86_64-linux-gnu/obj/lang/cmu_time_awb/cmu_time_awb_clunits.o
/usr/bin/gcc   -I../../lang/usenglish -I../../lang/cmulex -I../../include -O2 -Wall     -c cmu_time_awb_cart.c -o ../../build/x86_64-linux-gnu/obj/lang/cmu_time_awb/cmu_time_awb_cart.o
/usr/bin/gcc   -I../../lang/usenglish -I../../lang/cmulex -I../../include -O2 -Wall     -c cmu_time_awb_mcep.c -o ../../build/x86_64-linux-gnu/obj/lang/cmu_time_awb/cmu_time_awb_mcep.o
/usr/bin/gcc   -I../../lang/usenglish -I../../lang/cmulex -I../../include -O2 -Wall     -c cmu_time_awb_lpc.c -o ../../build/x86_64-linux-gnu/obj/lang/cmu_time_awb/cmu_time_awb_lpc.o
/usr/bin/gcc   -I../../lang/usenglish -I../../lang/cmulex -I../../include -O2 -Wall     -c cmu_time_awb_lex_entry.c -o ../../build/x86_64-linux-gnu/obj/lang/cmu_time_awb/cmu_time_awb_lex_entry.o
a - cmu_time_awb.o
a - cmu_time_awb_clunits.o
a - cmu_time_awb_cart.o
a - cmu_time_awb_mcep.o
a - cmu_time_awb_lpc.o
a - cmu_time_awb_lex_entry.o
making in lang/cmu_us_kal16 ...
/usr/bin/gcc   -I../../lang/usenglish  -I../../lang/cmulex -I../../include -O2 -Wall     -c cmu_us_kal16_diphone.c -o ../../build/x86_64-linux-gnu/obj/lang/cmu_us_kal16/cmu_us_kal16_diphone.o
/usr/bin/gcc   -I../../lang/usenglish  -I../../lang/cmulex -I../../include -O2 -Wall     -c cmu_us_kal16.c -o ../../build/x86_64-linux-gnu/obj/lang/cmu_us_kal16/cmu_us_kal16.o
/usr/bin/gcc   -I../../lang/usenglish  -I../../lang/cmulex -I../../include -O2 -Wall     -c cmu_us_kal16_lpc.c -o ../../build/x86_64-linux-gnu/obj/lang/cmu_us_kal16/cmu_us_kal16_lpc.o
/usr/bin/gcc   -I../../lang/usenglish  -I../../lang/cmulex -I../../include -O2 -Wall     -c cmu_us_kal16_res.c -o ../../build/x86_64-linux-gnu/obj/lang/cmu_us_kal16/cmu_us_kal16_res.o
/usr/bin/gcc   -I../../lang/usenglish  -I../../lang/cmulex -I../../include -O2 -Wall     -c cmu_us_kal16_residx.c -o ../../build/x86_64-linux-gnu/obj/lang/cmu_us_kal16/cmu_us_kal16_residx.o
a - cmu_us_kal16_diphone.o
a - cmu_us_kal16.o
a - cmu_us_kal16_lpc.o
a - cmu_us_kal16_res.o
a - cmu_us_kal16_residx.o
making in lang/cmu_us_awb ...
/usr/bin/gcc   -I../../lang/usenglish -I../../lang/cmulex  -I../../include -O2 -Wall     -c cmu_us_awb.c -o ../../build/x86_64-linux-gnu/obj/lang/cmu_us_awb/cmu_us_awb.o
/usr/bin/gcc   -I../../lang/usenglish -I../../lang/cmulex  -I../../include -O2 -Wall     -c cmu_us_awb_cg_single_mcep_trees.c -o ../../build/x86_64-linux-gnu/obj/lang/cmu_us_awb/cmu_us_awb_cg_single_mcep_trees.o
/usr/bin/gcc   -I../../lang/usenglish -I../../lang/cmulex  -I../../include -O2 -Wall     -c cmu_us_awb_cg.c -o ../../build/x86_64-linux-gnu/obj/lang/cmu_us_awb/cmu_us_awb_cg.o
/usr/bin/gcc   -I../../lang/usenglish -I../../lang/cmulex  -I../../include -O2 -Wall     -c cmu_us_awb_cg_single_params.c -o ../../build/x86_64-linux-gnu/obj/lang/cmu_us_awb/cmu_us_awb_cg_single_params.o
/usr/bin/gcc   -I../../lang/usenglish -I../../lang/cmulex  -I../../include -O2 -Wall     -c cmu_us_awb_cg_durmodel.c -o ../../build/x86_64-linux-gnu/obj/lang/cmu_us_awb/cmu_us_awb_cg_durmodel.o
/usr/bin/gcc   -I../../lang/usenglish -I../../lang/cmulex  -I../../include -O2 -Wall     -c cmu_us_awb_cg_phonestate.c -o ../../build/x86_64-linux-gnu/obj/lang/cmu_us_awb/cmu_us_awb_cg_phonestate.o
/usr/bin/gcc   -I../../lang/usenglish -I../../lang/cmulex  -I../../include -O2 -Wall     -c cmu_us_awb_cg_f0_trees.c -o ../../build/x86_64-linux-gnu/obj/lang/cmu_us_awb/cmu_us_awb_cg_f0_trees.o
/usr/bin/gcc   -I../../lang/usenglish -I../../lang/cmulex  -I../../include -O2 -Wall     -c cmu_us_awb_spamf0_accent_params.c -o ../../build/x86_64-linux-gnu/obj/lang/cmu_us_awb/cmu_us_awb_spamf0_accent_params.o
/usr/bin/gcc   -I../../lang/usenglish -I../../lang/cmulex  -I../../include -O2 -Wall     -c cmu_us_awb_spamf0_phrase.c -o ../../build/x86_64-linux-gnu/obj/lang/cmu_us_awb/cmu_us_awb_spamf0_phrase.o
/usr/bin/gcc   -I../../lang/usenglish -I../../lang/cmulex  -I../../include -O2 -Wall     -c cmu_us_awb_spamf0_accent.c -o ../../build/x86_64-linux-gnu/obj/lang/cmu_us_awb/cmu_us_awb_spamf0_accent.o
a - cmu_us_awb.o
a - cmu_us_awb_cg_single_mcep_trees.o
a - cmu_us_awb_cg.o
a - cmu_us_awb_cg_single_params.o
a - cmu_us_awb_cg_durmodel.o
a - cmu_us_awb_cg_phonestate.o
a - cmu_us_awb_cg_f0_trees.o
a - cmu_us_awb_spamf0_accent_params.o
a - cmu_us_awb_spamf0_phrase.o
a - cmu_us_awb_spamf0_accent.o
making in lang/cmu_us_rms ...
/usr/bin/gcc   -I../../lang/usenglish -I../../lang/cmulex  -I../../include -O2 -Wall     -c cmu_us_rms.c -o ../../build/x86_64-linux-gnu/obj/lang/cmu_us_rms/cmu_us_rms.o
/usr/bin/gcc   -I../../lang/usenglish -I../../lang/cmulex  -I../../include -O2 -Wall     -c cmu_us_rms_cg_single_mcep_trees.c -o ../../build/x86_64-linux-gnu/obj/lang/cmu_us_rms/cmu_us_rms_cg_single_mcep_trees.o
/usr/bin/gcc   -I../../lang/usenglish -I../../lang/cmulex  -I../../include -O2 -Wall     -c cmu_us_rms_cg.c -o ../../build/x86_64-linux-gnu/obj/lang/cmu_us_rms/cmu_us_rms_cg.o
/usr/bin/gcc   -I../../lang/usenglish -I../../lang/cmulex  -I../../include -O2 -Wall     -c cmu_us_rms_cg_single_params.c -o ../../build/x86_64-linux-gnu/obj/lang/cmu_us_rms/cmu_us_rms_cg_single_params.o
/usr/bin/gcc   -I../../lang/usenglish -I../../lang/cmulex  -I../../include -O2 -Wall     -c cmu_us_rms_cg_durmodel.c -o ../../build/x86_64-linux-gnu/obj/lang/cmu_us_rms/cmu_us_rms_cg_durmodel.o
/usr/bin/gcc   -I../../lang/usenglish -I../../lang/cmulex  -I../../include -O2 -Wall     -c cmu_us_rms_cg_phonestate.c -o ../../build/x86_64-linux-gnu/obj/lang/cmu_us_rms/cmu_us_rms_cg_phonestate.o
/usr/bin/gcc   -I../../lang/usenglish -I../../lang/cmulex  -I../../include -O2 -Wall     -c cmu_us_rms_cg_f0_trees.c -o ../../build/x86_64-linux-gnu/obj/lang/cmu_us_rms/cmu_us_rms_cg_f0_trees.o
/usr/bin/gcc   -I../../lang/usenglish -I../../lang/cmulex  -I../../include -O2 -Wall     -c cmu_us_rms_spamf0_accent_params.c -o ../../build/x86_64-linux-gnu/obj/lang/cmu_us_rms/cmu_us_rms_spamf0_accent_params.o
/usr/bin/gcc   -I../../lang/usenglish -I../../lang/cmulex  -I../../include -O2 -Wall     -c cmu_us_rms_spamf0_phrase.c -o ../../build/x86_64-linux-gnu/obj/lang/cmu_us_rms/cmu_us_rms_spamf0_phrase.o
/usr/bin/gcc   -I../../lang/usenglish -I../../lang/cmulex  -I../../include -O2 -Wall     -c cmu_us_rms_spamf0_accent.c -o ../../build/x86_64-linux-gnu/obj/lang/cmu_us_rms/cmu_us_rms_spamf0_accent.o
a - cmu_us_rms.o
a - cmu_us_rms_cg_single_mcep_trees.o
a - cmu_us_rms_cg.o
a - cmu_us_rms_cg_single_params.o
a - cmu_us_rms_cg_durmodel.o
a - cmu_us_rms_cg_phonestate.o
a - cmu_us_rms_cg_f0_trees.o
a - cmu_us_rms_spamf0_accent_params.o
a - cmu_us_rms_spamf0_phrase.o
a - cmu_us_rms_spamf0_accent.o
making in lang/cmu_us_slt ...
/usr/bin/gcc   -I../../lang/usenglish -I../../lang/cmulex  -I../../include -O2 -Wall     -c cmu_us_slt.c -o ../../build/x86_64-linux-gnu/obj/lang/cmu_us_slt/cmu_us_slt.o
/usr/bin/gcc   -I../../lang/usenglish -I../../lang/cmulex  -I../../include -O2 -Wall     -c cmu_us_slt_cg_single_mcep_trees.c -o ../../build/x86_64-linux-gnu/obj/lang/cmu_us_slt/cmu_us_slt_cg_single_mcep_trees.o
/usr/bin/gcc   -I../../lang/usenglish -I../../lang/cmulex  -I../../include -O2 -Wall     -c cmu_us_slt_cg.c -o ../../build/x86_64-linux-gnu/obj/lang/cmu_us_slt/cmu_us_slt_cg.o
/usr/bin/gcc   -I../../lang/usenglish -I../../lang/cmulex  -I../../include -O2 -Wall     -c cmu_us_slt_cg_single_params.c -o ../../build/x86_64-linux-gnu/obj/lang/cmu_us_slt/cmu_us_slt_cg_single_params.o
/usr/bin/gcc   -I../../lang/usenglish -I../../lang/cmulex  -I../../include -O2 -Wall     -c cmu_us_slt_cg_durmodel.c -o ../../build/x86_64-linux-gnu/obj/lang/cmu_us_slt/cmu_us_slt_cg_durmodel.o
/usr/bin/gcc   -I../../lang/usenglish -I../../lang/cmulex  -I../../include -O2 -Wall     -c cmu_us_slt_cg_phonestate.c -o ../../build/x86_64-linux-gnu/obj/lang/cmu_us_slt/cmu_us_slt_cg_phonestate.o
/usr/bin/gcc   -I../../lang/usenglish -I../../lang/cmulex  -I../../include -O2 -Wall     -c cmu_us_slt_cg_f0_trees.c -o ../../build/x86_64-linux-gnu/obj/lang/cmu_us_slt/cmu_us_slt_cg_f0_trees.o
/usr/bin/gcc   -I../../lang/usenglish -I../../lang/cmulex  -I../../include -O2 -Wall     -c cmu_us_slt_spamf0_accent.c -o ../../build/x86_64-linux-gnu/obj/lang/cmu_us_slt/cmu_us_slt_spamf0_accent.o
/usr/bin/gcc   -I../../lang/usenglish -I../../lang/cmulex  -I../../include -O2 -Wall     -c cmu_us_slt_spamf0_phrase.c -o ../../build/x86_64-linux-gnu/obj/lang/cmu_us_slt/cmu_us_slt_spamf0_phrase.o
/usr/bin/gcc   -I../../lang/usenglish -I../../lang/cmulex  -I../../include -O2 -Wall     -c cmu_us_slt_spamf0_accent_params.c -o ../../build/x86_64-linux-gnu/obj/lang/cmu_us_slt/cmu_us_slt_spamf0_accent_params.o
a - cmu_us_slt.o
a - cmu_us_slt_cg_single_mcep_trees.o
a - cmu_us_slt_cg.o
a - cmu_us_slt_cg_single_params.o
a - cmu_us_slt_cg_durmodel.o
a - cmu_us_slt_cg_phonestate.o
a - cmu_us_slt_cg_f0_trees.o
a - cmu_us_slt_spamf0_accent.o
a - cmu_us_slt_spamf0_phrase.o
a - cmu_us_slt_spamf0_accent_params.o
making in doc ...
making in tools ...
/usr/bin/gcc -O2 -Wall       -I../include  -c -o find_sts_main.o find_sts_main.c
/usr/bin/gcc -O2 -Wall     -o ../bin/find_sts find_sts_main.o -L../build/x86_64-linux-gnu/lib -lflite   -lm -lasound 
/usr/bin/gcc -O2 -Wall       -I../include  -c -o flite_sort_main.o flite_sort_main.c
/usr/bin/gcc -O2 -Wall     -o ../bin/flite_sort flite_sort_main.o -L../build/x86_64-linux-gnu/lib -lflite   -lm -lasound 
making in main ...
/usr/bin/gcc -O2 -Wall       -I../include  -c -o flite_main.o flite_main.c
rm -f flite_lang_list.c
../tools/make_lang_list usenglish cmu_indic_lang  cmu_grapheme_lang cmulex cmu_indic_lex cmu_grapheme_lex
make flite_lang_list.o
/usr/bin/gcc -O2 -Wall       -I../include  -c -o flite_lang_list.o flite_lang_list.c
../tools/make_voice_list cmu_us_kal cmu_time_awb cmu_us_kal16 cmu_us_awb cmu_us_rms cmu_us_slt
rm -f flite_voice_list.o
make flite_voice_list.o
/usr/bin/gcc -O2 -Wall       -I../include  -c -o flite_voice_list.o flite_voice_list.c
/usr/bin/gcc -O2 -Wall     -o ../bin/flite flite_main.o flite_voice_list.o flite_lang_list.o -L../build/x86_64-linux-gnu/lib -lflite_cmu_us_kal -lflite_cmu_time_awb -lflite_cmu_us_kal16 -lflite_cmu_us_awb -lflite_cmu_us_rms -lflite_cmu_us_slt -lflite_usenglish -lflite_cmu_indic_lang -lflite_cmu_grapheme_lang -lflite_cmulex -lflite_cmu_indic_lex -lflite_cmu_grapheme_lex -lflite  -lm -lasound 
/usr/bin/gcc -O2 -Wall       -I../include  -c -o t2p_main.o t2p_main.c
/usr/bin/gcc -O2 -Wall     -o ../bin/t2p t2p_main.o -L../build/x86_64-linux-gnu/lib -lflite_cmu_us_kal -lflite_cmu_time_awb -lflite_cmu_us_kal16 -lflite_cmu_us_awb -lflite_cmu_us_rms -lflite_cmu_us_slt -lflite_usenglish -lflite_cmu_indic_lang -lflite_cmu_grapheme_lang -lflite_cmulex -lflite_cmu_indic_lex -lflite_cmu_grapheme_lex -lflite  -lm -lasound 
/usr/bin/gcc -O2 -Wall       -I../include  -c -o compile_regexes.o compile_regexes.c
/usr/bin/gcc -O2 -Wall     -o ../bin/compile_regexes compile_regexes.o -L../build/x86_64-linux-gnu/lib -lflite   -lm -lasound 
/usr/bin/gcc -O2 -Wall       -I../include  -c -o flitevox_info_main.o flitevox_info_main.c
../tools/make_voice_list cmu_us_kal cmu_time_awb cmu_us_kal16 cmu_us_awb cmu_us_rms cmu_us_slt
rm -f flite_voice_list.o
make flite_voice_list.o
/usr/bin/gcc -O2 -Wall       -I../include  -c -o flite_voice_list.o flite_voice_list.c
/usr/bin/gcc -O2 -Wall     -o ../bin/flitevox_info flitevox_info_main.o flite_voice_list.o flite_lang_list.o -L../build/x86_64-linux-gnu/lib -lflite_cmu_us_kal -lflite_cmu_time_awb -lflite_cmu_us_kal16 -lflite_cmu_us_awb -lflite_cmu_us_rms -lflite_cmu_us_slt -lflite_usenglish -lflite_cmu_indic_lang -lflite_cmu_grapheme_lang -lflite_cmulex -lflite_cmu_indic_lex -lflite_cmu_grapheme_lex -lflite  -lm -lasound 
rm -f flite_lang_list.c
../tools/make_lang_list usenglish cmu_indic_lang  cmu_grapheme_lang cmulex cmu_indic_lex cmu_grapheme_lex
make flite_lang_list.o
/usr/bin/gcc -O2 -Wall       -I../include  -c -o flite_lang_list.o flite_lang_list.c
../tools/make_voice_list cmu_us_kal
rm -f flite_voice_list.o
make flite_voice_list.o
/usr/bin/gcc -O2 -Wall       -I../include  -c -o flite_voice_list.o flite_voice_list.c
/usr/bin/gcc -O2 -Wall     -o ../bin/flite_cmu_us_kal flite_main.o flite_voice_list.o flite_lang_list.o -L../build/x86_64-linux-gnu/lib -lflite_cmu_us_kal -lflite_cmu_time_awb -lflite_cmu_us_kal16 -lflite_cmu_us_awb -lflite_cmu_us_rms -lflite_cmu_us_slt -lflite_usenglish -lflite_cmu_indic_lang -lflite_cmu_grapheme_lang -lflite_cmulex -lflite_cmu_indic_lex -lflite_cmu_grapheme_lex -lflite  -lm -lasound 
rm -f flite_lang_list.c
../tools/make_lang_list usenglish cmu_indic_lang  cmu_grapheme_lang cmulex cmu_indic_lex cmu_grapheme_lex
make flite_lang_list.o
/usr/bin/gcc -O2 -Wall       -I../include  -c -o flite_lang_list.o flite_lang_list.c
../tools/make_voice_list cmu_time_awb
rm -f flite_voice_list.o
make flite_voice_list.o
/usr/bin/gcc -O2 -Wall       -I../include  -c -o flite_voice_list.o flite_voice_list.c
/usr/bin/gcc -O2 -Wall     -o ../bin/flite_cmu_time_awb flite_main.o flite_voice_list.o flite_lang_list.o -L../build/x86_64-linux-gnu/lib -lflite_cmu_us_kal -lflite_cmu_time_awb -lflite_cmu_us_kal16 -lflite_cmu_us_awb -lflite_cmu_us_rms -lflite_cmu_us_slt -lflite_usenglish -lflite_cmu_indic_lang -lflite_cmu_grapheme_lang -lflite_cmulex -lflite_cmu_indic_lex -lflite_cmu_grapheme_lex -lflite  -lm -lasound 
rm -f flite_lang_list.c
../tools/make_lang_list usenglish cmu_indic_lang  cmu_grapheme_lang cmulex cmu_indic_lex cmu_grapheme_lex
make flite_lang_list.o
/usr/bin/gcc -O2 -Wall       -I../include  -c -o flite_lang_list.o flite_lang_list.c
../tools/make_voice_list cmu_us_kal16
rm -f flite_voice_list.o
make flite_voice_list.o
/usr/bin/gcc -O2 -Wall       -I../include  -c -o flite_voice_list.o flite_voice_list.c
/usr/bin/gcc -O2 -Wall     -o ../bin/flite_cmu_us_kal16 flite_main.o flite_voice_list.o flite_lang_list.o -L../build/x86_64-linux-gnu/lib -lflite_cmu_us_kal -lflite_cmu_time_awb -lflite_cmu_us_kal16 -lflite_cmu_us_awb -lflite_cmu_us_rms -lflite_cmu_us_slt -lflite_usenglish -lflite_cmu_indic_lang -lflite_cmu_grapheme_lang -lflite_cmulex -lflite_cmu_indic_lex -lflite_cmu_grapheme_lex -lflite  -lm -lasound 
rm -f flite_lang_list.c
../tools/make_lang_list usenglish cmu_indic_lang  cmu_grapheme_lang cmulex cmu_indic_lex cmu_grapheme_lex
make flite_lang_list.o
/usr/bin/gcc -O2 -Wall       -I../include  -c -o flite_lang_list.o flite_lang_list.c
../tools/make_voice_list cmu_us_awb
rm -f flite_voice_list.o
make flite_voice_list.o
/usr/bin/gcc -O2 -Wall       -I../include  -c -o flite_voice_list.o flite_voice_list.c
/usr/bin/gcc -O2 -Wall     -o ../bin/flite_cmu_us_awb flite_main.o flite_voice_list.o flite_lang_list.o -L../build/x86_64-linux-gnu/lib -lflite_cmu_us_kal -lflite_cmu_time_awb -lflite_cmu_us_kal16 -lflite_cmu_us_awb -lflite_cmu_us_rms -lflite_cmu_us_slt -lflite_usenglish -lflite_cmu_indic_lang -lflite_cmu_grapheme_lang -lflite_cmulex -lflite_cmu_indic_lex -lflite_cmu_grapheme_lex -lflite  -lm -lasound 
rm -f flite_lang_list.c
../tools/make_lang_list usenglish cmu_indic_lang  cmu_grapheme_lang cmulex cmu_indic_lex cmu_grapheme_lex
make flite_lang_list.o
/usr/bin/gcc -O2 -Wall       -I../include  -c -o flite_lang_list.o flite_lang_list.c
../tools/make_voice_list cmu_us_rms
rm -f flite_voice_list.o
make flite_voice_list.o
/usr/bin/gcc -O2 -Wall       -I../include  -c -o flite_voice_list.o flite_voice_list.c
/usr/bin/gcc -O2 -Wall     -o ../bin/flite_cmu_us_rms flite_main.o flite_voice_list.o flite_lang_list.o -L../build/x86_64-linux-gnu/lib -lflite_cmu_us_kal -lflite_cmu_time_awb -lflite_cmu_us_kal16 -lflite_cmu_us_awb -lflite_cmu_us_rms -lflite_cmu_us_slt -lflite_usenglish -lflite_cmu_indic_lang -lflite_cmu_grapheme_lang -lflite_cmulex -lflite_cmu_indic_lex -lflite_cmu_grapheme_lex -lflite  -lm -lasound 
rm -f flite_lang_list.c
../tools/make_lang_list usenglish cmu_indic_lang  cmu_grapheme_lang cmulex cmu_indic_lex cmu_grapheme_lex
make flite_lang_list.o
/usr/bin/gcc -O2 -Wall       -I../include  -c -o flite_lang_list.o flite_lang_list.c
../tools/make_voice_list cmu_us_slt
rm -f flite_voice_list.o
make flite_voice_list.o
/usr/bin/gcc -O2 -Wall       -I../include  -c -o flite_voice_list.o flite_voice_list.c
/usr/bin/gcc -O2 -Wall     -o ../bin/flite_cmu_us_slt flite_main.o flite_voice_list.o flite_lang_list.o -L../build/x86_64-linux-gnu/lib -lflite_cmu_us_kal -lflite_cmu_time_awb -lflite_cmu_us_kal16 -lflite_cmu_us_awb -lflite_cmu_us_rms -lflite_cmu_us_slt -lflite_usenglish -lflite_cmu_indic_lang -lflite_cmu_grapheme_lang -lflite_cmulex -lflite_cmu_indic_lex -lflite_cmu_grapheme_lex -lflite  -lm -lasound 
/usr/bin/gcc -O2 -Wall       -I../include  -c -o flite_time_main.o flite_time_main.c
/usr/bin/gcc -O2 -Wall     -o ../bin/flite_time flite_time_main.o -L../build/x86_64-linux-gnu/lib -lflite_cmu_time_awb -lflite_usenglish -lflite_cmulex -L../build/x86_64-linux-gnu/lib -lflite   -lm -lasound  
